<?xml version="1.0" encoding="UTF-8"?>
<!-- Generated by org.testng.reporters.JUnitReportReporter -->
<testsuite hostname="LAZ-VN-L-M-1292.local" name="stackoverflow.tests.LoginTest" tests="1" failures="0" timestamp="30 Nov 2018 08:57:43 GMT" time="10.153" errors="0">
  <testcase name="userLogin" time="10.153" classname="stackoverflow.tests.LoginTest"/>
</testsuite> <!-- stackoverflow.tests.LoginTest -->
